[debug] [2024-05-04T03:15:33.423Z] ----------------------------------------------------------------------
[debug] [2024-05-04T03:15:33.426Z] Command:       C:\Program Files\nodejs\node.exe C:\Users\kramm\AppData\Roaming\npm\node_modules\firebase-tools\lib\bin\firebase.js init
[debug] [2024-05-04T03:15:33.426Z] CLI Version:   13.8.0
[debug] [2024-05-04T03:15:33.427Z] Platform:      win32
[debug] [2024-05-04T03:15:33.427Z] Node Version:  v20.11.0
[debug] [2024-05-04T03:15:33.427Z] Time:          Fri May 03 2024 22:15:33 GMT-0500 (Central Daylight Time)
[debug] [2024-05-04T03:15:33.427Z] ----------------------------------------------------------------------
[debug] 
[debug] [2024-05-04T03:15:33.433Z] > command requires scopes: ["email","openid","https://www.googleapis.com/auth/cloudplatformprojects.readonly","https://www.googleapis.com/auth/firebase","https://www.googleapis.com/auth/cloud-platform"]
[debug] [2024-05-04T03:15:33.433Z] > authorizing via signed-in user (stephenbrooks714@gmail.com)
[info] 
     ######## #### ########  ######## ########     ###     ######  ########
     ##        ##  ##     ## ##       ##     ##  ##   ##  ##       ##
     ######    ##  ########  ######   ########  #########  ######  ######
     ##        ##  ##    ##  ##       ##     ## ##     ##       ## ##
     ##       #### ##     ## ######## ########  ##     ##  ######  ########

You're about to initialize a Firebase project in this directory:

  C:\Users\kramm\OneDrive\Desktop\demo

[info] 
=== Project Setup
[info] 
[info] First, let's associate this project directory with a Firebase project.
[info] You can create multiple project aliases by running firebase use --add, 
[info] but for now we'll just set up a default project.
[info] 
[info] i  If you want to create a project in a Google Cloud organization or folder, please use "firebase projects:create" instead, and return to this command when you've created the project. 
[debug] [2024-05-04T03:16:30.188Z] >>> [apiv2][query] POST https://cloudresourcemanager.googleapis.com/v1/projects [none]
[debug] [2024-05-04T03:16:30.188Z] >>> [apiv2][body] POST https://cloudresourcemanager.googleapis.com/v1/projects {"projectId":"express-portfolio","name":"portfolio714"}
[debug] [2024-05-04T03:16:30.397Z] <<< [apiv2][status] POST https://cloudresourcemanager.googleapis.com/v1/projects 409
[debug] [2024-05-04T03:16:30.397Z] <<< [apiv2][body] POST https://cloudresourcemanager.googleapis.com/v1/projects {"error":{"code":409,"message":"Requested entity already exists","status":"ALREADY_EXISTS"}}
[debug] [2024-05-04T03:16:30.479Z] FirebaseError: HTTP Error: 409, Requested entity already exists
    at responseToError (C:\Users\kramm\AppData\Roaming\npm\node_modules\firebase-tools\lib\responseToError.js:49:12)
    at RetryOperation._fn (C:\Users\kramm\AppData\Roaming\npm\node_modules\firebase-tools\lib\apiv2.js:305:77)
    at process.processTicksAndRejections (node:internal/process/task_queues:95:5)
[error] 
[error] Error: Failed to create project because there is already a project with ID express-portfolio. Please try again with a unique project ID.
